<?xml version="1.0" encoding="UTF-8"?>
<testsuite name="Login Test"
           tests="3"
           failures="0"
           errors="0"
           skipped="0"
           time="2.024">
  <properties />
  
  
            <testcase name="verifyTheUsernameErrorMessage" time="0.641" classname="com.herokuapp.testsuite.LoginPageTest" />
                <testcase name="userShouldLoginSuccessfullyWithValidCredentials" time="0.685" classname="com.herokuapp.testsuite.LoginPageTest" />
                <testcase name="verifyThePasswordErrorMessage" time="0.698" classname="com.herokuapp.testsuite.LoginPageTest" />
      
</testsuite>
